<?xml version="1.0" encoding="UTF-8" ?>
<testsuite tests="35" failures="0" name="runner.RunItTest" time="0.016" errors="0" skipped="0">
  <properties>
    <property name="java.runtime.name" value="OpenJDK Runtime Environment"/>
    <property name="java.vm.version" value="15.0.1+9-18"/>
    <property name="sun.boot.library.path" value="C:\Users\iqra_\.p2\pool\plugins\org.eclipse.justj.openjdk.hotspot.jre.full.win32.x86_64_15.0.1.v20201027-0507\jre\bin"/>
    <property name="user.country.format" value="DE"/>
    <property name="maven.multiModuleProjectDirectory" value="C:\Users\iqra_\eclipse-workspace\Flaconi-Assignment"/>
    <property name="java.vm.vendor" value="Oracle Corporation"/>
    <property name="java.vendor.url" value="https://java.oracle.com/"/>
    <property name="guice.disable.misplaced.annotation.check" value="true"/>
    <property name="path.separator" value=";"/>
    <property name="java.vm.name" value="OpenJDK 64-Bit Server VM"/>
    <property name="sun.os.patch.level" value=""/>
    <property name="user.script" value=""/>
    <property name="user.country" value="US"/>
    <property name="sun.java.launcher" value="SUN_STANDARD"/>
    <property name="java.vm.specification.name" value="Java Virtual Machine Specification"/>
    <property name="user.dir" value="C:\Users\iqra_\eclipse-workspace\Flaconi-Assignment"/>
    <property name="java.vm.compressedOopsMode" value="32-bit"/>
    <property name="java.runtime.version" value="15.0.1+9-18"/>
    <property name="os.arch" value="amd64"/>
    <property name="java.io.tmpdir" value="C:\Users\iqra_\AppData\Local\Temp\"/>
    <property name="line.separator" value="
"/>
    <property name="java.vm.specification.vendor" value="Oracle Corporation"/>
    <property name="user.variant" value=""/>
    <property name="os.name" value="Windows 10"/>
    <property name="classworlds.conf" value="C:\Users\iqra_\eclipse-workspace\.metadata\.plugins\org.eclipse.m2e.launching\launches\m2conf988934229592008474.tmp"/>
    <property name="sun.jnu.encoding" value="Cp1252"/>
    <property name="java.library.path" value="C:\Users\iqra_\.p2\pool\plugins\org.eclipse.justj.openjdk.hotspot.jre.full.win32.x86_64_15.0.1.v20201027-0507\jre\bin;C:\Windows\Sun\Java\bin;C:\Windows\system32;C:\Windows;C:/Users/iqra_/.p2/pool/plugins/org.eclipse.justj.openjdk.hotspot.jre.full.win32.x86_64_15.0.1.v20201027-0507/jre/bin/server;C:/Users/iqra_/.p2/pool/plugins/org.eclipse.justj.openjdk.hotspot.jre.full.win32.x86_64_15.0.1.v20201027-0507/jre/bin;C:\Program Files\Common Files\Oracle\Java\javapath;C:\Windows\system32;C:\Windows;C:\Windows\System32\Wbem;C:\Windows\System32\WindowsPowerShell\v1.0\;C:\Windows\System32\OpenSSH\;C:\Program Files\Android\Android Studio\jre\bin;C:\Program Files\Android\Android Studio\jre\lib;C:\Program Files\Android\Android Studio\jre;C:\Users\iqra_\AppData\Local\Android\Sdk\platforms;C:\Users\iqra_\AppData\Local\Android\Sdk\platform-tools;C:\Users\iqra_\AppData\Local\Android\Sdk\tools;C:\Users\iqra_\AppData\Local\Android\Sdk\build-tools;C:\Users\iqra_\AppData\Local\Android\Sdk\tools\bin;C:\Program Files\apache-maven-3.6.3\bin;C:\Users\iqra_\AppData\Local\Microsoft\WindowsApps;C:\Users\iqra_\AppData\Local\GitHubDesktop\bin;C:\Windows\System32;;."/>
    <property name="jdk.debug" value="release"/>
    <property name="java.class.version" value="59.0"/>
    <property name="java.specification.name" value="Java Platform API Specification"/>
    <property name="sun.management.compiler" value="HotSpot 64-Bit Tiered Compilers"/>
    <property name="os.version" value="10.0"/>
    <property name="user.home" value="C:\Users\iqra_"/>
    <property name="user.timezone" value="Europe/Berlin"/>
    <property name="file.encoding" value="UTF-8"/>
    <property name="java.specification.version" value="15"/>
    <property name="user.name" value="iqra_"/>
    <property name="java.class.path" value="C:\Users\iqra_\.p2\pool\plugins\org.eclipse.m2e.maven.runtime_1.16.0.20200610-1735\jars\plexus-classworlds-2.6.0.jar"/>
    <property name="java.vm.specification.version" value="15"/>
    <property name="sun.arch.data.model" value="64"/>
    <property name="sun.java.command" value="org.codehaus.plexus.classworlds.launcher.Launcher -B package"/>
    <property name="java.home" value="C:\Users\iqra_\.p2\pool\plugins\org.eclipse.justj.openjdk.hotspot.jre.full.win32.x86_64_15.0.1.v20201027-0507\jre"/>
    <property name="user.language" value="en"/>
    <property name="java.specification.vendor" value="Oracle Corporation"/>
    <property name="java.vm.info" value="mixed mode"/>
    <property name="java.version" value="15.0.1"/>
    <property name="java.vendor" value="Oracle Corporation"/>
    <property name="maven.home" value="C:\Users\iqra_\eclipse-workspace\Flaconi-Assignment\EMBEDDED"/>
    <property name="file.separator" value="\"/>
    <property name="java.version.date" value="2020-10-20"/>
    <property name="java.vendor.url.bug" value="https://bugreport.java.com/bugreport/"/>
    <property name="sun.io.unicode.encoding" value="UnicodeLittle"/>
    <property name="sun.cpu.endian" value="little"/>
    <property name="sun.cpu.isalist" value="amd64"/>
  </properties>
  <testcase classname="Scenario: Add to cart" name="Given browser is open" time="0.004"/>
  <testcase classname="Scenario: Add to cart" name="When user go to the flaconi page" time="0"/>
  <testcase classname="Scenario: Add to cart" name="And user click on the perfume category" time="0"/>
  <testcase classname="Scenario: Add to cart" name="And user click on the perfume" time="0"/>
  <testcase classname="Scenario: Add to cart" name="And user redirected to the perfume detail page" time="0"/>
  <testcase classname="Scenario: Add to cart" name="And user click on add to cart button" time="0"/>
  <testcase classname="Scenario: Add to cart" name="And perfume added to the cart successfully" time="0"/>
  <testcase classname="Scenario: Add to cart" name="Then user close the browser" time="0"/>
  <testcase classname="Scenario: Add to cart" name="Scenario: Add to cart" time="0.002"/>
  <testcase classname="Scenario: Product price validation" name="Given browser is open" time="0.001"/>
  <testcase classname="Scenario: Product price validation" name="When user go to the flaconi page" time="0"/>
  <testcase classname="Scenario: Product price validation" name="And user click on the perfume category" time="0"/>
  <testcase classname="Scenario: Product price validation" name="And user click on the perfume" time="0"/>
  <testcase classname="Scenario: Product price validation" name="And user redirected to the perfume detail page" time="0"/>
  <testcase classname="Scenario: Product price validation" name="And user click on add to cart button" time="0"/>
  <testcase classname="Scenario: Product price validation" name="And perfume added to the cart successfully" time="0"/>
  <testcase classname="Scenario: Product price validation" name="And user validate that price is correct displaying on cart" time="0.005"/>
  <testcase classname="Scenario: Product price validation" name="Then user close the browser" time="0"/>
  <testcase classname="Scenario: Product price validation" name="Scenario: Product price validation" time="0"/>
  <testcase classname="Scenario: Menu links verification" name="Given browser is open" time="0.001"/>
  <testcase classname="Scenario: Menu links verification" name="When user go to the flaconi page" time="0.002"/>
  <testcase classname="Scenario: Menu links verification" name="And user click on the BRANDS" time="0"/>
  <testcase classname="Scenario: Menu links verification" name="And user click on the PERFUME" time="0"/>
  <testcase classname="Scenario: Menu links verification" name="And user click on the MAINTAINANCE" time="0"/>
  <testcase classname="Scenario: Menu links verification" name="And user click on the MAKE UP" time="0"/>
  <testcase classname="Scenario: Menu links verification" name="And user click on the HAIR" time="0"/>
  <testcase classname="Scenario: Menu links verification" name="And user click on the NATURE" time="0"/>
  <testcase classname="Scenario: Menu links verification" name="And user click on the PREMIUM" time="0"/>
  <testcase classname="Scenario: Menu links verification" name="And user click on the DRUGSTORE" time="0"/>
  <testcase classname="Scenario: Menu links verification" name="And user click on the MEN" time="0"/>
  <testcase classname="Scenario: Menu links verification" name="And user click on the NEW" time="0"/>
  <testcase classname="Scenario: Menu links verification" name="And user click on the SALE" time="0"/>
  <testcase classname="Scenario: Menu links verification" name="And user click on the FREE" time="0"/>
  <testcase classname="Scenario: Menu links verification" name="Then user close the browser" time="0"/>
  <testcase classname="Scenario: Menu links verification" name="Scenario: Menu links verification" time="0.001"/>
</testsuite>